Microsoft (R) Build Engine version 17.0.0+c9eb9dd64 for .NET
Copyright (C) Microsoft Corporation. All rights reserved.

  Determining projects to restore...
  All projects are up-to-date for restore.
C:\back\Api.Tests\StageTestingProjects\ProjectFailedBuild\ApiTestingProject\Program.cs(10,5): error CS1003: Syntax error, ',' expected [C:\back\Api.Tests\StageTestingProjects\ProjectFailedBuild\ApiTestingProject\ApiTestingProject.csproj]
C:\back\Api.Tests\StageTestingProjects\ProjectFailedBuild\ApiTestingProject\Program.cs(10,25): error CS1002: ; expected [C:\back\Api.Tests\StageTestingProjects\ProjectFailedBuild\ApiTestingProject\ApiTestingProject.csproj]
C:\back\Api.Tests\StageTestingProjects\ProjectFailedBuild\ApiTestingProject\Program.cs(10,25): error CS1022: Type or namespace definition, or end-of-file expected [C:\back\Api.Tests\StageTestingProjects\ProjectFailedBuild\ApiTestingProject\ApiTestingProject.csproj]

Build FAILED.

C:\back\Api.Tests\StageTestingProjects\ProjectFailedBuild\ApiTestingProject\Program.cs(10,5): error CS1003: Syntax error, ',' expected [C:\back\Api.Tests\StageTestingProjects\ProjectFailedBuild\ApiTestingProject\ApiTestingProject.csproj]
C:\back\Api.Tests\StageTestingProjects\ProjectFailedBuild\ApiTestingProject\Program.cs(10,25): error CS1002: ; expected [C:\back\Api.Tests\StageTestingProjects\ProjectFailedBuild\ApiTestingProject\ApiTestingProject.csproj]
C:\back\Api.Tests\StageTestingProjects\ProjectFailedBuild\ApiTestingProject\Program.cs(10,25): error CS1022: Type or namespace definition, or end-of-file expected [C:\back\Api.Tests\StageTestingProjects\ProjectFailedBuild\ApiTestingProject\ApiTestingProject.csproj]
    0 Warning(s)
    3 Error(s)

Time Elapsed 00:00:01.17